# JRE version: Java(TM) SE Runtime Environment (8.0_05-b13) (build 1.8.0_05-b13)
# Java VM: Java HotSpot(TM) Client VM (25.5-b02 mixed mode windows-x86 )
Heap:
 def new generation   total 4928K, used 3215K [0x03e00000, 0x04350000, 0x19350000)
  eden space 4416K,  61% used [0x03e00000, 0x040a3c80, 0x04250000)
  from space 512K, 100% used [0x04250000, 0x042d0000, 0x042d0000)
  to   space 512K,   0% used [0x042d0000, 0x042d0000, 0x04350000)
 tenured generation   total 10944K, used 2405K [0x19350000, 0x19e00000, 0x43e00000)
   the space 10944K,  21% used [0x19350000, 0x195a9778, 0x195a9800, 0x19e00000)
 Metaspace       used 3324K, capacity 3430K, committed 3520K, reserved 4480K
GC Heap History (4 events):
Event: 12.213 GC heap before
{Heap before GC invocations=0 (full 0):
 def new generation   total 4928K, used 4416K [0x03e00000, 0x04350000, 0x19350000)
  eden space 4416K, 100% used [0x03e00000, 0x04250000, 0x04250000)
  from space 512K,   0% used [0x04250000, 0x04250000, 0x042d0000)
  to   space 512K,   0% used [0x042d0000, 0x042d0000, 0x04350000)
 tenured generation   total 10944K, used 0K [0x19350000, 0x19e00000, 0x43e00000)
   the space 10944K,   0% used [0x19350000, 0x19350000, 0x19350200, 0x19e00000)
 Metaspace       used 2589K, capacity 2758K, committed 2880K, reserved 4480K
Event: 12.218 GC heap after
Heap after GC invocations=1 (full 0):
 def new generation   total 4928K, used 512K [0x03e00000, 0x04350000, 0x19350000)
  eden space 4416K,   0% used [0x03e00000, 0x03e00000, 0x04250000)
  from space 512K, 100% used [0x042d0000, 0x04350000, 0x04350000)
  to   space 512K,   0% used [0x04250000, 0x04250000, 0x042d0000)
 tenured generation   total 10944K, used 1065K [0x19350000, 0x19e00000, 0x43e00000)
   the space 10944K,   9% used [0x19350000, 0x1945a778, 0x1945a800, 0x19e00000)
 Metaspace       used 2589K, capacity 2758K, committed 2880K, reserved 4480K
}
Event: 12.679 GC heap before
{Heap before GC invocations=1 (full 0):
 def new generation   total 4928K, used 4928K [0x03e00000, 0x04350000, 0x19350000)
  eden space 4416K, 100% used [0x03e00000, 0x04250000, 0x04250000)
  from space 512K, 100% used [0x042d0000, 0x04350000, 0x04350000)
  to   space 512K,   0% used [0x04250000, 0x04250000, 0x042d0000)
 tenured generation   total 10944K, used 1065K [0x19350000, 0x19e00000, 0x43e00000)
   the space 10944K,   9% used [0x19350000, 0x1945a778, 0x1945a800, 0x19e00000)
 Metaspace       used 3209K, capacity 3366K, committed 3392K, reserved 4480K
Event: 12.685 GC heap after
Heap after GC invocations=2 (full 0):
 def new generation   total 4928K, used 512K [0x03e00000, 0x04350000, 0x19350000)
  eden space 4416K,   0% used [0x03e00000, 0x03e00000, 0x04250000)
  from space 512K, 100% used [0x04250000, 0x042d0000, 0x042d0000)
  to   space 512K,   0% used [0x042d0000, 0x042d0000, 0x04350000)
 tenured generation   total 10944K, used 2405K [0x19350000, 0x19e00000, 0x43e00000)
   the space 10944K,  21% used [0x19350000, 0x195a9778, 0x195a9800, 0x19e00000)
 Metaspace       used 3209K, capacity 3366K, committed 3392K, reserved 4480K
}

